Arguments: 
  C:\Program Files\nodejs\node.exe C:\Program Files (x86)\Yarn\bin\yarn.js

PATH: 
  C:\Python310\Scripts\;C:\Python310\;C:\Windows\system32;C:\Windows;C:\Windows\System32\Wbem;C:\Windows\System32\WindowsPowerShell\v1.0\;C:\Windows\System32\OpenSSH\;C:\Program Files\nodejs\;C:\ProgramData\chocolatey\bin;C:\Program Files (x86)\AMD\ATI.ACE\Core-Static;C:\Program Files (x86)\Yarn\bin\;C:\Program Files\Git\cmd;C:\Program Files\MongoDB\Server\6.0\bin;C:\Program Files\PuTTY\;C:\Program Files\dotnet\;C:\Program Files\MySQL\MySQL Shell 8.0\bin\;C:\Users\masou\AppData\Local\Microsoft\WindowsApps;C:\Users\masou\AppData\Roaming\npm;C:\Users\masou\AppData\Local\Programs\Microsoft VS Code\bin;C:\Users\masou\AppData\Local\Yarn\bin

Yarn version: 
  1.22.18

Node version: 
  16.14.2

Platform: 
  win32 x64

Trace: 
  Error: https://registry.yarnpkg.com/date-fns/-/date-fns-2.29.3.tgz: ESOCKETTIMEDOUT
      at ClientRequest.<anonymous> (C:\Program Files (x86)\Yarn\lib\cli.js:141510:19)
      at Object.onceWrapper (node:events:645:28)
      at ClientRequest.emit (node:events:526:28)
      at TLSSocket.emitRequestTimeout (node:_http_client:758:9)
      at Object.onceWrapper (node:events:645:28)
      at TLSSocket.emit (node:events:538:35)
      at TLSSocket.Socket._onTimeout (node:net:501:8)
      at listOnTimeout (node:internal/timers:559:17)
      at processTimers (node:internal/timers:502:7)

npm manifest: 
  {
    "name": "createform",
    "version": "0.1.0",
    "private": true,
    "homepage": ".",
    "dependencies": {
      "@date-io/date-fns": "^2.14.0",
      "@emotion/react": "^11.6.0",
      "@emotion/styled": "^11.6.0",
      "@material-ui/core": "^4.12.4",
      "@material-ui/icons": "^4.11.3",
      "@mui/icons-material": "^5.8.4",
      "@mui/lab": "^5.0.0-alpha.87",
      "@mui/material": "^5.8.5",
      "@mui/styles": "^5.8.4",
      "@mui/x-date-pickers": "^5.0.0-beta.3",
      "@testing-library/jest-dom": "^5.16.4",
      "@testing-library/react": "^13.3.0",
      "@testing-library/user-event": "^13.5.0",
      "apexcharts": "^3.26.1",
      "axios": "^1.3.1",
      "date-fns": "^2.29.1",
      "jss": "^10.9.2",
      "jss-rtl": "^0.3.0",
      "mui-datatables": "^4.2.2",
      "mui-tel-input": "^1.4.1",
      "react": "^18.2.0",
      "react-apexcharts": "^1.3.9",
      "react-dom": "^18.2.0",
      "react-material-ui-form-validator": "^3.0.1",
      "react-phone-input-material-ui": "^2.17.4",
      "react-router-dom": "^5.2.0",
      "react-scripts": "5.0.1",
      "react-svg-worldmap": "^1.1.0",
      "react-swipeable-views": "^0.13.9",
      "uuid": "^9.0.0",
      "web-vitals": "^2.1.4"
    },
    "scripts": {
      "start": "react-scripts start",
      "build": "react-scripts build",
      "test": "react-scripts test",
      "eject": "react-scripts eject"
    },
    "eslintConfig": {
      "extends": [
        "react-app",
        "react-app/jest"
      ]
    },
    "browserslist": {
      "production": [
        ">0.2%",
        "not dead",
        "not op_mini all"
      ],
      "development": [
        "last 1 chrome version",
        "last 1 firefox version",
        "last 1 safari version"
      ]
    }
  }

yarn manifest: 
  No manifest

Lockfile: 
  No lockfile
